<?xml version="1.0" encoding="UTF-8" standalone="yes"?><!DOCTYPE report PUBLIC "-//JACOCO//DTD Report 1.0//EN" "report.dtd"><report name="Property usage via Config resolver class"><sessioninfo id="osgiliath.net-5f035a90" start="1430682374543" dump="1430682410048"/><sessioninfo id="osgiliath.net-299cd3d0" start="1430682415605" dump="1430682450832"/><sessioninfo id="osgiliath.net-10c88d6e" start="1430682455280" dump="1430682492251"/><sessioninfo id="osgiliath.net-8ed6f99b" start="1430682497456" dump="1430682545946"/><sessioninfo id="osgiliath.net-2885e216" start="1430682550475" dump="1430682587640"/><sessioninfo id="osgiliath.net-19a305b5" start="1430682591930" dump="1430682637028"/><sessioninfo id="osgiliath.net-2fbabfbc" start="1430682641587" dump="1430682690102"/><sessioninfo id="osgiliath.net-376dcf69" start="1430682694358" dump="1430682729610"/><sessioninfo id="osgiliath.net-ae7e95e9" start="1430682734381" dump="1430682771541"/><sessioninfo id="osgiliath.net-71d22fad" start="1430682775745" dump="1430682813924"/><sessioninfo id="osgiliath.net-fdc7e56f" start="1430682818572" dump="1430682858212"/><sessioninfo id="osgiliath.net-b1deaeae" start="1430682862323" dump="1430682898723"/><package name="net/osgiliath/cdi/properties/impl"><class name="net/osgiliath/cdi/properties/impl/PropertyConsumer"><method name="&lt;init&gt;" desc="()V" line="33"><counter type="INSTRUCTION" missed="3" covered="0"/><counter type="LINE" missed="1" covered="0"/><counter type="COMPLEXITY" missed="1" covered="0"/><counter type="METHOD" missed="1" covered="0"/></method><method name="getInjectedProperty" desc="()Ljava/lang/String;" line="42"><counter type="INSTRUCTION" missed="3" covered="0"/><counter type="LINE" missed="1" covered="0"/><counter type="COMPLEXITY" missed="1" covered="0"/><counter type="METHOD" missed="1" covered="0"/></method><counter type="INSTRUCTION" missed="6" covered="0"/><counter type="LINE" missed="2" covered="0"/><counter type="COMPLEXITY" missed="2" covered="0"/><counter type="METHOD" missed="2" covered="0"/><counter type="CLASS" missed="1" covered="0"/></class><sourcefile name="PropertyConsumer.java"><line nr="33" mi="3" ci="0" mb="0" cb="0"/><line nr="42" mi="3" ci="0" mb="0" cb="0"/><counter type="INSTRUCTION" missed="6" covered="0"/><counter type="LINE" missed="2" covered="0"/><counter type="COMPLEXITY" missed="2" covered="0"/><counter type="METHOD" missed="2" covered="0"/><counter type="CLASS" missed="1" covered="0"/></sourcefile><counter type="INSTRUCTION" missed="6" covered="0"/><counter type="LINE" missed="2" covered="0"/><counter type="COMPLEXITY" missed="2" covered="0"/><counter type="METHOD" missed="2" covered="0"/><counter type="CLASS" missed="1" covered="0"/></package><counter type="INSTRUCTION" missed="6" covered="0"/><counter type="LINE" missed="2" covered="0"/><counter type="COMPLEXITY" missed="2" covered="0"/><counter type="METHOD" missed="2" covered="0"/><counter type="CLASS" missed="1" covered="0"/></report>