<?xml version="1.0" encoding="UTF-8" standalone="yes"?><!DOCTYPE report PUBLIC "-//JACOCO//DTD Report 1.0//EN" "report.dtd"><report name="Osgiliath integration tests JaxRS CDI"><sessioninfo id="osgiliath.net-a3fb2e77" start="1430682375405" dump="1430682409716"/><sessioninfo id="osgiliath.net-f851b454" start="1430682416468" dump="1430682450501"/><sessioninfo id="osgiliath.net-267f47f4" start="1430682456197" dump="1430682491918"/><sessioninfo id="osgiliath.net-e7e22375" start="1430682498367" dump="1430682545611"/><sessioninfo id="osgiliath.net-6995defd" start="1430682551394" dump="1430682587307"/><sessioninfo id="osgiliath.net-3c2c1bd9" start="1430682592826" dump="1430682636695"/><sessioninfo id="osgiliath.net-15f72e8e" start="1430682642487" dump="1430682689766"/><sessioninfo id="osgiliath.net-2b7b4767" start="1430682695259" dump="1430682729279"/><sessioninfo id="osgiliath.net-593e7077" start="1430682735150" dump="1430682771209"/><sessioninfo id="osgiliath.net-9a57e75e" start="1430682776488" dump="1430682813588"/><sessioninfo id="osgiliath.net-3b72c595" start="1430682819352" dump="1430682857878"/><package name="net/osgiliath/features/karaf/jaxrs/cdi/model"><class name="net/osgiliath/features/karaf/jaxrs/cdi/model/Hellos"><method name="builder" desc="()Lnet/osgiliath/features/karaf/jaxrs/cdi/model/Hellos$HellosBuilder;" line="40"><counter type="INSTRUCTION" missed="4" covered="0"/><counter type="LINE" missed="1" covered="0"/><counter type="COMPLEXITY" missed="1" covered="0"/><counter type="METHOD" missed="1" covered="0"/></method><method name="getHelloCollection" desc="()Ljava/util/List;" line="53"><counter type="INSTRUCTION" missed="0" covered="3"/><counter type="LINE" missed="0" covered="1"/><counter type="COMPLEXITY" missed="0" covered="1"/><counter type="METHOD" missed="0" covered="1"/></method><method name="setHelloCollection" desc="(Ljava/util/List;)V" line="39"><counter type="INSTRUCTION" missed="4" covered="0"/><counter type="LINE" missed="1" covered="0"/><counter type="COMPLEXITY" missed="1" covered="0"/><counter type="METHOD" missed="1" covered="0"/></method><method name="equals" desc="(Ljava/lang/Object;)Z" line="39"><counter type="INSTRUCTION" missed="38" covered="0"/><counter type="BRANCH" missed="12" covered="0"/><counter type="LINE" missed="1" covered="0"/><counter type="COMPLEXITY" missed="7" covered="0"/><counter type="METHOD" missed="1" covered="0"/></method><method name="canEqual" desc="(Ljava/lang/Object;)Z" line="39"><counter type="INSTRUCTION" missed="3" covered="0"/><counter type="LINE" missed="1" covered="0"/><counter type="COMPLEXITY" missed="1" covered="0"/><counter type="METHOD" missed="1" covered="0"/></method><method name="hashCode" desc="()I" line="39"><counter type="INSTRUCTION" missed="20" covered="0"/><counter type="BRANCH" missed="2" covered="0"/><counter type="LINE" missed="1" covered="0"/><counter type="COMPLEXITY" missed="2" covered="0"/><counter type="METHOD" missed="1" covered="0"/></method><method name="toString" desc="()Ljava/lang/String;" line="39"><counter type="INSTRUCTION" missed="12" covered="0"/><counter type="LINE" missed="1" covered="0"/><counter type="COMPLEXITY" missed="1" covered="0"/><counter type="METHOD" missed="1" covered="0"/></method><method name="&lt;init&gt;" desc="()V" line="40"><counter type="INSTRUCTION" missed="0" covered="3"/><counter type="LINE" missed="0" covered="2"/><counter type="COMPLEXITY" missed="0" covered="1"/><counter type="METHOD" missed="0" covered="1"/></method><method name="&lt;init&gt;" desc="(Ljava/util/List;)V" line="42"><counter type="INSTRUCTION" missed="0" covered="6"/><counter type="LINE" missed="0" covered="1"/><counter type="COMPLEXITY" missed="0" covered="1"/><counter type="METHOD" missed="0" covered="1"/></method><counter type="INSTRUCTION" missed="81" covered="12"/><counter type="BRANCH" missed="14" covered="0"/><counter type="LINE" missed="1" covered="4"/><counter type="COMPLEXITY" missed="13" covered="3"/><counter type="METHOD" missed="6" covered="3"/><counter type="CLASS" missed="0" covered="1"/></class><class name="net/osgiliath/features/karaf/jaxrs/cdi/model/HelloObject$HelloObjectBuilder"><method name="&lt;init&gt;" desc="()V" line="41"><counter type="INSTRUCTION" missed="0" covered="3"/><counter type="LINE" missed="0" covered="1"/><counter type="COMPLEXITY" missed="0" covered="1"/><counter type="METHOD" missed="0" covered="1"/></method><method name="helloMessage" desc="(Ljava/lang/String;)Lnet/osgiliath/features/karaf/jaxrs/cdi/model/HelloObject$HelloObjectBuilder;" line="41"><counter type="INSTRUCTION" missed="0" covered="5"/><counter type="LINE" missed="0" covered="1"/><counter type="COMPLEXITY" missed="0" covered="1"/><counter type="METHOD" missed="0" covered="1"/></method><method name="build" desc="()Lnet/osgiliath/features/karaf/jaxrs/cdi/model/HelloObject;" line="41"><counter type="INSTRUCTION" missed="0" covered="6"/><counter type="LINE" missed="0" covered="1"/><counter type="COMPLEXITY" missed="0" covered="1"/><counter type="METHOD" missed="0" covered="1"/></method><method name="toString" desc="()Ljava/lang/String;" line="41"><counter type="INSTRUCTION" missed="12" covered="0"/><counter type="LINE" missed="1" covered="0"/><counter type="COMPLEXITY" missed="1" covered="0"/><counter type="METHOD" missed="1" covered="0"/></method><counter type="INSTRUCTION" missed="12" covered="14"/><counter type="LINE" missed="0" covered="1"/><counter type="COMPLEXITY" missed="1" covered="3"/><counter type="METHOD" missed="1" covered="3"/><counter type="CLASS" missed="0" covered="1"/></class><class name="net/osgiliath/features/karaf/jaxrs/cdi/model/Hellos$HellosBuilder"><method name="&lt;init&gt;" desc="()V" line="40"><counter type="INSTRUCTION" missed="3" covered="0"/><counter type="LINE" missed="1" covered="0"/><counter type="COMPLEXITY" missed="1" covered="0"/><counter type="METHOD" missed="1" covered="0"/></method><method name="helloCollection" desc="(Ljava/util/List;)Lnet/osgiliath/features/karaf/jaxrs/cdi/model/Hellos$HellosBuilder;" line="40"><counter type="INSTRUCTION" missed="5" covered="0"/><counter type="LINE" missed="1" covered="0"/><counter type="COMPLEXITY" missed="1" covered="0"/><counter type="METHOD" missed="1" covered="0"/></method><method name="build" desc="()Lnet/osgiliath/features/karaf/jaxrs/cdi/model/Hellos;" line="40"><counter type="INSTRUCTION" missed="6" covered="0"/><counter type="LINE" missed="1" covered="0"/><counter type="COMPLEXITY" missed="1" covered="0"/><counter type="METHOD" missed="1" covered="0"/></method><method name="toString" desc="()Ljava/lang/String;" line="40"><counter type="INSTRUCTION" missed="12" covered="0"/><counter type="LINE" missed="1" covered="0"/><counter type="COMPLEXITY" missed="1" covered="0"/><counter type="METHOD" missed="1" covered="0"/></method><counter type="INSTRUCTION" missed="26" covered="0"/><counter type="LINE" missed="1" covered="0"/><counter type="COMPLEXITY" missed="4" covered="0"/><counter type="METHOD" missed="4" covered="0"/><counter type="CLASS" missed="1" covered="0"/></class><class name="net/osgiliath/features/karaf/jaxrs/cdi/model/HelloObject"><method name="builder" desc="()Lnet/osgiliath/features/karaf/jaxrs/cdi/model/HelloObject$HelloObjectBuilder;" line="41"><counter type="INSTRUCTION" missed="0" covered="4"/><counter type="LINE" missed="0" covered="1"/><counter type="COMPLEXITY" missed="0" covered="1"/><counter type="METHOD" missed="0" covered="1"/></method><method name="getHelloMessage" desc="()Ljava/lang/String;" line="60"><counter type="INSTRUCTION" missed="0" covered="3"/><counter type="LINE" missed="0" covered="1"/><counter type="COMPLEXITY" missed="0" covered="1"/><counter type="METHOD" missed="0" covered="1"/></method><method name="setHelloMessage" desc="(Ljava/lang/String;)V" line="39"><counter type="INSTRUCTION" missed="4" covered="0"/><counter type="LINE" missed="1" covered="0"/><counter type="COMPLEXITY" missed="1" covered="0"/><counter type="METHOD" missed="1" covered="0"/></method><method name="equals" desc="(Ljava/lang/Object;)Z" line="39"><counter type="INSTRUCTION" missed="38" covered="0"/><counter type="BRANCH" missed="12" covered="0"/><counter type="LINE" missed="1" covered="0"/><counter type="COMPLEXITY" missed="7" covered="0"/><counter type="METHOD" missed="1" covered="0"/></method><method name="canEqual" desc="(Ljava/lang/Object;)Z" line="39"><counter type="INSTRUCTION" missed="3" covered="0"/><counter type="LINE" missed="1" covered="0"/><counter type="COMPLEXITY" missed="1" covered="0"/><counter type="METHOD" missed="1" covered="0"/></method><method name="hashCode" desc="()I" line="39"><counter type="INSTRUCTION" missed="20" covered="0"/><counter type="BRANCH" missed="2" covered="0"/><counter type="LINE" missed="1" covered="0"/><counter type="COMPLEXITY" missed="2" covered="0"/><counter type="METHOD" missed="1" covered="0"/></method><method name="toString" desc="()Ljava/lang/String;" line="39"><counter type="INSTRUCTION" missed="12" covered="0"/><counter type="LINE" missed="1" covered="0"/><counter type="COMPLEXITY" missed="1" covered="0"/><counter type="METHOD" missed="1" covered="0"/></method><method name="&lt;init&gt;" desc="()V" line="41"><counter type="INSTRUCTION" missed="0" covered="3"/><counter type="LINE" missed="0" covered="2"/><counter type="COMPLEXITY" missed="0" covered="1"/><counter type="METHOD" missed="0" covered="1"/></method><method name="&lt;init&gt;" desc="(Ljava/lang/String;)V" line="45"><counter type="INSTRUCTION" missed="0" covered="6"/><counter type="LINE" missed="0" covered="1"/><counter type="COMPLEXITY" missed="0" covered="1"/><counter type="METHOD" missed="0" covered="1"/></method><counter type="INSTRUCTION" missed="77" covered="16"/><counter type="BRANCH" missed="14" covered="0"/><counter type="LINE" missed="1" covered="4"/><counter type="COMPLEXITY" missed="12" covered="4"/><counter type="METHOD" missed="5" covered="4"/><counter type="CLASS" missed="0" covered="1"/></class><sourcefile name="HelloObject.java"><line nr="39" mi="77" ci="0" mb="14" cb="0"/><line nr="41" mi="12" ci="19" mb="0" cb="0"/><line nr="43" mi="0" ci="2" mb="0" cb="0"/><line nr="45" mi="0" ci="6" mb="0" cb="0"/><line nr="60" mi="0" ci="3" mb="0" cb="0"/><counter type="INSTRUCTION" missed="89" covered="30"/><counter type="BRANCH" missed="14" covered="0"/><counter type="LINE" missed="1" covered="4"/><counter type="COMPLEXITY" missed="13" covered="7"/><counter type="METHOD" missed="6" covered="7"/><counter type="CLASS" missed="0" covered="2"/></sourcefile><sourcefile name="Hellos.java"><line nr="39" mi="77" ci="0" mb="14" cb="0"/><line nr="40" mi="30" ci="1" mb="0" cb="0"/><line nr="41" mi="0" ci="2" mb="0" cb="0"/><line nr="42" mi="0" ci="6" mb="0" cb="0"/><line nr="53" mi="0" ci="3" mb="0" cb="0"/><counter type="INSTRUCTION" missed="107" covered="12"/><counter type="BRANCH" missed="14" covered="0"/><counter type="LINE" missed="1" covered="4"/><counter type="COMPLEXITY" missed="17" covered="3"/><counter type="METHOD" missed="10" covered="3"/><counter type="CLASS" missed="1" covered="1"/></sourcefile><counter type="INSTRUCTION" missed="196" covered="42"/><counter type="BRANCH" missed="28" covered="0"/><counter type="LINE" missed="2" covered="8"/><counter type="COMPLEXITY" missed="30" covered="10"/><counter type="METHOD" missed="16" covered="10"/><counter type="CLASS" missed="1" covered="3"/></package><package name="conf"><class name="conf/SwaggerAPIAccessService"><method name="&lt;init&gt;" desc="()V" line="41"><counter type="INSTRUCTION" missed="3" covered="0"/><counter type="LINE" missed="1" covered="0"/><counter type="COMPLEXITY" missed="1" covered="0"/><counter type="METHOD" missed="1" covered="0"/></method><method name="injectConfig" desc="()V" line="53"><counter type="INSTRUCTION" missed="5" covered="0"/><counter type="LINE" missed="2" covered="0"/><counter type="COMPLEXITY" missed="1" covered="0"/><counter type="METHOD" missed="1" covered="0"/></method><counter type="INSTRUCTION" missed="8" covered="0"/><counter type="LINE" missed="3" covered="0"/><counter type="COMPLEXITY" missed="2" covered="0"/><counter type="METHOD" missed="2" covered="0"/><counter type="CLASS" missed="1" covered="0"/></class><class name="conf/SwaggerBeanConfig"><method name="&lt;init&gt;" desc="()V" line="45"><counter type="INSTRUCTION" missed="3" covered="0"/><counter type="LINE" missed="1" covered="0"/><counter type="COMPLEXITY" missed="1" covered="0"/><counter type="METHOD" missed="1" covered="0"/></method><method name="getConfig" desc="()Lcom/wordnik/swagger/jaxrs/config/BeanConfig;" line="53"><counter type="INSTRUCTION" missed="73" covered="0"/><counter type="LINE" missed="18" covered="0"/><counter type="COMPLEXITY" missed="1" covered="0"/><counter type="METHOD" missed="1" covered="0"/></method><method name="&lt;clinit&gt;" desc="()V" line="44"><counter type="INSTRUCTION" missed="4" covered="0"/><counter type="LINE" missed="1" covered="0"/><counter type="COMPLEXITY" missed="1" covered="0"/><counter type="METHOD" missed="1" covered="0"/></method><counter type="INSTRUCTION" missed="80" covered="0"/><counter type="LINE" missed="20" covered="0"/><counter type="COMPLEXITY" missed="3" covered="0"/><counter type="METHOD" missed="3" covered="0"/><counter type="CLASS" missed="1" covered="0"/></class><class name="conf/CXFApplication"><method name="&lt;init&gt;" desc="()V" line="47"><counter type="INSTRUCTION" missed="3" covered="0"/><counter type="LINE" missed="1" covered="0"/><counter type="COMPLEXITY" missed="1" covered="0"/><counter type="METHOD" missed="1" covered="0"/></method><method name="getSingletons" desc="()Ljava/util/Set;" line="64"><counter type="INSTRUCTION" missed="44" covered="0"/><counter type="LINE" missed="1" covered="0"/><counter type="COMPLEXITY" missed="1" covered="0"/><counter type="METHOD" missed="1" covered="0"/></method><counter type="INSTRUCTION" missed="47" covered="0"/><counter type="LINE" missed="2" covered="0"/><counter type="COMPLEXITY" missed="2" covered="0"/><counter type="METHOD" missed="2" covered="0"/><counter type="CLASS" missed="1" covered="0"/></class><sourcefile name="SwaggerBeanConfig.java"><line nr="44" mi="4" ci="0" mb="0" cb="0"/><line nr="45" mi="3" ci="0" mb="0" cb="0"/><line nr="53" mi="4" ci="0" mb="0" cb="0"/><line nr="54" mi="3" ci="0" mb="0" cb="0"/><line nr="55" mi="3" ci="0" mb="0" cb="0"/><line nr="56" mi="2" ci="0" mb="0" cb="0"/><line nr="57" mi="3" ci="0" mb="0" cb="0"/><line nr="58" mi="2" ci="0" mb="0" cb="0"/><line nr="60" mi="11" ci="0" mb="0" cb="0"/><line nr="61" mi="6" ci="0" mb="0" cb="0"/><line nr="62" mi="6" ci="0" mb="0" cb="0"/><line nr="63" mi="6" ci="0" mb="0" cb="0"/><line nr="64" mi="3" ci="0" mb="0" cb="0"/><line nr="66" mi="1" ci="0" mb="0" cb="0"/><line nr="67" mi="4" ci="0" mb="0" cb="0"/><line nr="68" mi="1" ci="0" mb="0" cb="0"/><line nr="69" mi="10" ci="0" mb="0" cb="0"/><line nr="70" mi="3" ci="0" mb="0" cb="0"/><line nr="71" mi="3" ci="0" mb="0" cb="0"/><line nr="72" mi="2" ci="0" mb="0" cb="0"/><counter type="INSTRUCTION" missed="80" covered="0"/><counter type="LINE" missed="20" covered="0"/><counter type="COMPLEXITY" missed="3" covered="0"/><counter type="METHOD" missed="3" covered="0"/><counter type="CLASS" missed="1" covered="0"/></sourcefile><sourcefile name="CXFApplication.java"><line nr="47" mi="3" ci="0" mb="0" cb="0"/><line nr="64" mi="44" ci="0" mb="0" cb="0"/><counter type="INSTRUCTION" missed="47" covered="0"/><counter type="LINE" missed="2" covered="0"/><counter type="COMPLEXITY" missed="2" covered="0"/><counter type="METHOD" missed="2" covered="0"/><counter type="CLASS" missed="1" covered="0"/></sourcefile><sourcefile name="SwaggerAPIAccessService.java"><line nr="41" mi="3" ci="0" mb="0" cb="0"/><line nr="53" mi="4" ci="0" mb="0" cb="0"/><line nr="54" mi="1" ci="0" mb="0" cb="0"/><counter type="INSTRUCTION" missed="8" covered="0"/><counter type="LINE" missed="3" covered="0"/><counter type="COMPLEXITY" missed="2" covered="0"/><counter type="METHOD" missed="2" covered="0"/><counter type="CLASS" missed="1" covered="0"/></sourcefile><counter type="INSTRUCTION" missed="135" covered="0"/><counter type="LINE" missed="25" covered="0"/><counter type="COMPLEXITY" missed="7" covered="0"/><counter type="METHOD" missed="7" covered="0"/><counter type="CLASS" missed="3" covered="0"/></package><package name="net/osgiliath/features/karaf/jaxrs/cdi/impl"><class name="net/osgiliath/features/karaf/jaxrs/cdi/impl/HelloServiceImpl"><method name="&lt;init&gt;" desc="()V" line="37"><counter type="INSTRUCTION" missed="0" covered="8"/><counter type="LINE" missed="0" covered="2"/><counter type="COMPLEXITY" missed="0" covered="1"/><counter type="METHOD" missed="0" covered="1"/></method><method name="persistHello" desc="(Lnet/osgiliath/features/karaf/jaxrs/cdi/model/HelloObject;)V" line="51"><counter type="INSTRUCTION" missed="0" covered="6"/><counter type="LINE" missed="0" covered="2"/><counter type="COMPLEXITY" missed="0" covered="1"/><counter type="METHOD" missed="0" covered="1"/></method><method name="getHellos" desc="()Lnet/osgiliath/features/karaf/jaxrs/cdi/model/Hellos;" line="62"><counter type="INSTRUCTION" missed="0" covered="12"/><counter type="LINE" missed="0" covered="1"/><counter type="COMPLEXITY" missed="0" covered="1"/><counter type="METHOD" missed="0" covered="1"/></method><method name="deleteHellos" desc="()V" line="76"><counter type="INSTRUCTION" missed="0" covered="4"/><counter type="LINE" missed="0" covered="2"/><counter type="COMPLEXITY" missed="0" covered="1"/><counter type="METHOD" missed="0" covered="1"/></method><counter type="INSTRUCTION" missed="0" covered="30"/><counter type="LINE" missed="0" covered="7"/><counter type="COMPLEXITY" missed="0" covered="4"/><counter type="METHOD" missed="0" covered="4"/><counter type="CLASS" missed="0" covered="1"/></class><class name="net/osgiliath/features/karaf/jaxrs/cdi/impl/HelloServiceImpl$1"><method name="&lt;init&gt;" desc="(Lnet/osgiliath/features/karaf/jaxrs/cdi/impl/HelloServiceImpl;)V" line="63"><counter type="INSTRUCTION" missed="0" covered="6"/><counter type="LINE" missed="0" covered="1"/><counter type="COMPLEXITY" missed="0" covered="1"/><counter type="METHOD" missed="0" covered="1"/></method><method name="apply" desc="(Lnet/osgiliath/features/karaf/jaxrs/cdi/model/HelloObject;)Ljava/lang/String;" line="66"><counter type="INSTRUCTION" missed="0" covered="3"/><counter type="LINE" missed="0" covered="1"/><counter type="COMPLEXITY" missed="0" covered="1"/><counter type="METHOD" missed="0" covered="1"/></method><counter type="INSTRUCTION" missed="0" covered="9"/><counter type="LINE" missed="0" covered="2"/><counter type="COMPLEXITY" missed="0" covered="2"/><counter type="METHOD" missed="0" covered="2"/><counter type="CLASS" missed="0" covered="1"/></class><sourcefile name="HelloServiceImpl.java"><line nr="37" mi="0" ci="2" mb="0" cb="0"/><line nr="41" mi="0" ci="6" mb="0" cb="0"/><line nr="51" mi="0" ci="5" mb="0" cb="0"/><line nr="53" mi="0" ci="1" mb="0" cb="0"/><line nr="62" mi="0" ci="12" mb="0" cb="0"/><line nr="63" mi="0" ci="6" mb="0" cb="0"/><line nr="66" mi="0" ci="3" mb="0" cb="0"/><line nr="76" mi="0" ci="3" mb="0" cb="0"/><line nr="77" mi="0" ci="1" mb="0" cb="0"/><counter type="INSTRUCTION" missed="0" covered="39"/><counter type="LINE" missed="0" covered="9"/><counter type="COMPLEXITY" missed="0" covered="6"/><counter type="METHOD" missed="0" covered="6"/><counter type="CLASS" missed="0" covered="2"/></sourcefile><counter type="INSTRUCTION" missed="0" covered="39"/><counter type="LINE" missed="0" covered="9"/><counter type="COMPLEXITY" missed="0" covered="6"/><counter type="METHOD" missed="0" covered="6"/><counter type="CLASS" missed="0" covered="2"/></package><counter type="INSTRUCTION" missed="331" covered="81"/><counter type="BRANCH" missed="28" covered="0"/><counter type="LINE" missed="27" covered="17"/><counter type="COMPLEXITY" missed="37" covered="16"/><counter type="METHOD" missed="23" covered="16"/><counter type="CLASS" missed="4" covered="5"/></report>