<?xml version="1.0" encoding="UTF-8" standalone="yes"?><!DOCTYPE report PUBLIC "-//JACOCO//DTD Report 1.0//EN" "report.dtd"><report name="Property usage via Config resolver class"><sessioninfo id="osgiliath.net-a3fb2e77" start="1430682375405" dump="1430682409716"/><sessioninfo id="osgiliath.net-f851b454" start="1430682416468" dump="1430682450501"/><sessioninfo id="osgiliath.net-267f47f4" start="1430682456197" dump="1430682491918"/><sessioninfo id="osgiliath.net-e7e22375" start="1430682498367" dump="1430682545611"/><sessioninfo id="osgiliath.net-6995defd" start="1430682551394" dump="1430682587307"/><sessioninfo id="osgiliath.net-3c2c1bd9" start="1430682592826" dump="1430682636695"/><sessioninfo id="osgiliath.net-15f72e8e" start="1430682642487" dump="1430682689766"/><sessioninfo id="osgiliath.net-2b7b4767" start="1430682695259" dump="1430682729279"/><sessioninfo id="osgiliath.net-593e7077" start="1430682735150" dump="1430682771209"/><sessioninfo id="osgiliath.net-9a57e75e" start="1430682776488" dump="1430682813588"/><sessioninfo id="osgiliath.net-3b72c595" start="1430682819352" dump="1430682857878"/><sessioninfo id="osgiliath.net-8a522975" start="1430682863225" dump="1430682898388"/><package name="net/osgiliath/cdi/properties/impl"><class name="net/osgiliath/cdi/properties/impl/PropertyConsumer"><method name="&lt;init&gt;" desc="()V" line="33"><counter type="INSTRUCTION" missed="0" covered="3"/><counter type="LINE" missed="0" covered="1"/><counter type="COMPLEXITY" missed="0" covered="1"/><counter type="METHOD" missed="0" covered="1"/></method><method name="getInjectedProperty" desc="()Ljava/lang/String;" line="42"><counter type="INSTRUCTION" missed="0" covered="3"/><counter type="LINE" missed="0" covered="1"/><counter type="COMPLEXITY" missed="0" covered="1"/><counter type="METHOD" missed="0" covered="1"/></method><counter type="INSTRUCTION" missed="0" covered="6"/><counter type="LINE" missed="0" covered="2"/><counter type="COMPLEXITY" missed="0" covered="2"/><counter type="METHOD" missed="0" covered="2"/><counter type="CLASS" missed="0" covered="1"/></class><sourcefile name="PropertyConsumer.java"><line nr="33" mi="0" ci="3" mb="0" cb="0"/><line nr="42" mi="0" ci="3" mb="0" cb="0"/><counter type="INSTRUCTION" missed="0" covered="6"/><counter type="LINE" missed="0" covered="2"/><counter type="COMPLEXITY" missed="0" covered="2"/><counter type="METHOD" missed="0" covered="2"/><counter type="CLASS" missed="0" covered="1"/></sourcefile><counter type="INSTRUCTION" missed="0" covered="6"/><counter type="LINE" missed="0" covered="2"/><counter type="COMPLEXITY" missed="0" covered="2"/><counter type="METHOD" missed="0" covered="2"/><counter type="CLASS" missed="0" covered="1"/></package><counter type="INSTRUCTION" missed="0" covered="6"/><counter type="LINE" missed="0" covered="2"/><counter type="COMPLEXITY" missed="0" covered="2"/><counter type="METHOD" missed="0" covered="2"/><counter type="CLASS" missed="0" covered="1"/></report>